Using pre-set license
Built from '2020.3/release' branch; Version is '2020.3.12f1 (b3b2c6512326) revision 11776710'; Using compiler version '192528614'; Build Type 'Release'
OS: 'Windows 10 Pro; OS build 19041.1052; Version 2004; 64bit' Language: 'zh' Physical Memory: 16295 MB
BatchMode: 1, IsHumanControllingUs: 0, StartBugReporterOnCrash: 0, Is64bit: 1, IsPro: 0

 COMMAND LINE ARGUMENTS:
D:\2020.3.12f1\Editor\Unity.exe
-adb2
-batchMode
-noUpm
-name
AssetImportWorker0
-projectPath
C:/Users/tonys/OneDrive/Desktop/Unity works/2D_TowerDefense2/2D_Tower_Defense/2D_TowerDefense2/TowerDefense
-logFile
Logs/AssetImportWorker0.log
-srvPort
55068
Successfully changed project path to: C:/Users/tonys/OneDrive/Desktop/Unity works/2D_TowerDefense2/2D_Tower_Defense/2D_TowerDefense2/TowerDefense
C:/Users/tonys/OneDrive/Desktop/Unity works/2D_TowerDefense2/2D_Tower_Defense/2D_TowerDefense2/TowerDefense
Using Asset Import Pipeline V2.
Refreshing native plugins compatible for Editor in 37.72 ms, found 2 plugins.
Preloading 0 native plugins for Editor in 0.00 ms.
Initialize engine version: 2020.3.12f1 (b3b2c6512326)
[Subsystems] Discovering subsystems at path D:/2020.3.12f1/Editor/Data/Resources/UnitySubsystems
[Subsystems] Discovering subsystems at path C:/Users/tonys/OneDrive/Desktop/Unity works/2D_TowerDefense2/2D_Tower_Defense/2D_TowerDefense2/TowerDefense/Assets
GfxDevice: creating device client; threaded=0
Direct3D:
    Version:  Direct3D 11.0 [level 11.1]
    Renderer: NVIDIA GeForce RTX 2070 (ID=0x1f02)
    Vendor:   
    VRAM:     8031 MB
    Driver:   30.0.14.7111
Initialize mono
Mono path[0] = 'D:/2020.3.12f1/Editor/Data/Managed'
Mono path[1] = 'D:/2020.3.12f1/Editor/Data/MonoBleedingEdge/lib/mono/unityjit'
Mono config path = 'D:/2020.3.12f1/Editor/Data/MonoBleedingEdge/etc'
Using monoOptions --debugger-agent=transport=dt_socket,embedding=1,server=y,suspend=n,address=127.0.0.1:56808
Begin MonoManager ReloadAssembly
Registering precompiled unity dll's ...
Register platform support module: D:/2020.3.12f1/Editor/Data/PlaybackEngines/WebGLSupport/UnityEditor.WebGL.Extensions.dll
Register platform support module: D:/2020.3.12f1/Editor/Data/PlaybackEngines/WindowsStandaloneSupport/UnityEditor.WindowsStandalone.Extensions.dll
Registered in 0.000915 seconds.
Native extension for WindowsStandalone target not found
Native extension for WebGL target not found
Refreshing native plugins compatible for Editor in 33.05 ms, found 2 plugins.
Preloading 0 native plugins for Editor in 0.00 ms.
Mono: successfully reloaded assembly
- Completed reload, in  0.767 seconds
Platform modules already initialized, skipping
Registering precompiled user dll's ...
Registered in 0.003484 seconds.
Begin MonoManager ReloadAssembly
Native extension for WindowsStandalone target not found
Native extension for WebGL target not found
Refreshing native plugins compatible for Editor in 0.39 ms, found 2 plugins.
Preloading 0 native plugins for Editor in 0.00 ms.
Mono: successfully reloaded assembly
- Completed reload, in  0.854 seconds
Platform modules already initialized, skipping
========================================================================
Worker process is ready to serve import requests
Launched and connected shader compiler UnityShaderCompiler.exe after 0.03 seconds
Refreshing native plugins compatible for Editor in 0.38 ms, found 2 plugins.
Preloading 0 native plugins for Editor in 0.00 ms.
Unloading 1418 Unused Serialized files (Serialized files now loaded: 0)
System memory in use before: 67.4 MB.
System memory in use after: 67.4 MB.

Unloading 18 unused Assets to reduce memory usage. Loaded Objects now: 1853.
Total: 1.580100 ms (FindLiveObjects: 0.124400 ms CreateObjectMapping: 0.039300 ms MarkObjects: 1.322800 ms  DeleteObjects: 0.092900 ms)

AssetImportParameters requested are different than current active one (requested -> active):
  custom:framework-win-MediaFoundation: 216162199b28c13a410421893ffa2e32 -> 
  custom:video-decoder-ogg-theora: a1e56fd34408186e4bbccfd4996cb3dc -> 
  custom:container-muxer-webm: aa71ff27fc2769a1b78a27578f13a17b -> 
  custom:container-demuxer-webm: 4f35f7cbe854078d1ac9338744f61a02 -> 
  custom:container-demuxer-ogg: 62fdf1f143b41e24485cea50d1cbac27 -> 
  custom:video-encoder-webm-vp8: eb34c28f22e8b96e1ab97ce403110664 -> 
  custom:video-decoder-webm-vp8: 9c59270c3fd7afecdb556c50c9e8de78 -> 
  custom:audio-decoder-ogg-vorbis: bf7c407c2cedff20999df2af8eb42d56 -> 
  custom:audio-encoder-webm-vorbis: bf7c407c2cedff20999df2af8eb42d56 -> 
========================================================================
Received Import Request.
  path: Assets/選單.unity
  artifactKey: Guid(e50536500daed1646aad3b49609d9884) Importer(815301076,1909f56bfc062723c751e8b465ee728b)
Start importing Assets/選單.unity using Guid(e50536500daed1646aad3b49609d9884) Importer(815301076,1909f56bfc062723c751e8b465ee728b)  -> (artifact id: '9fc0c8226061f1a2e9a041bf5291c08a') in 0.013795 seconds 
  Import took 0.015807 seconds .

========================================================================
Received Import Request.
  Time since last request: 26.803495 seconds.
  path: Assets/結尾.unity
  artifactKey: Guid(c6a39ffd666c0c143949ee6688c2a71f) Importer(815301076,1909f56bfc062723c751e8b465ee728b)
Start importing Assets/結尾.unity using Guid(c6a39ffd666c0c143949ee6688c2a71f) Importer(815301076,1909f56bfc062723c751e8b465ee728b)  -> (artifact id: '6e458764be903cfb187b9058ea12c31e') in 0.005784 seconds 
  Import took 0.008063 seconds .

========================================================================
Received Import Request.
  Time since last request: 4.087158 seconds.
  path: Assets/關卡資料
  artifactKey: Guid(6b62b7e72c0e4cc4e85dedb7c7478537) Importer(815301076,1909f56bfc062723c751e8b465ee728b)
Start importing Assets/關卡資料 using Guid(6b62b7e72c0e4cc4e85dedb7c7478537) Importer(815301076,1909f56bfc062723c751e8b465ee728b)  -> (artifact id: '9aff61c695e251a9dbd4a5f0e0d5ff31') in 0.006264 seconds 
  Import took 0.008303 seconds .

========================================================================
Received Import Request.
  Time since last request: 60.057370 seconds.
  path: Assets/圖片/TextBTN_Medium.png
  artifactKey: Guid(5fc8faae6f14b374f96ae11ab0232ffa) Importer(815301076,1909f56bfc062723c751e8b465ee728b)
Start importing Assets/圖片/TextBTN_Medium.png using Guid(5fc8faae6f14b374f96ae11ab0232ffa) Importer(815301076,1909f56bfc062723c751e8b465ee728b)  -> (artifact id: '35de6d6d4166620ae97dd1441e1f21f7') in 0.102399 seconds 
  Import took 0.105315 seconds .

========================================================================
Received Import Request.
  Time since last request: 0.000234 seconds.
  path: Assets/圖片/UI board Small Set.png
  artifactKey: Guid(8eb69fafe4f719b49bb2dd1a7358aaaa) Importer(815301076,1909f56bfc062723c751e8b465ee728b)
Start importing Assets/圖片/UI board Small Set.png using Guid(8eb69fafe4f719b49bb2dd1a7358aaaa) Importer(815301076,1909f56bfc062723c751e8b465ee728b)  -> (artifact id: '4fb6744a42b178cb3502c063354cc445') in 0.017052 seconds 
  Import took 0.019257 seconds .

========================================================================
Received Import Request.
  Time since last request: 0.000229 seconds.
  path: Assets/圖片/光束.png
  artifactKey: Guid(d2513d4f71ccdc547b3877c5c4c41a94) Importer(815301076,1909f56bfc062723c751e8b465ee728b)
Start importing Assets/圖片/光束.png using Guid(d2513d4f71ccdc547b3877c5c4c41a94) Importer(815301076,1909f56bfc062723c751e8b465ee728b)  -> (artifact id: '351adbf144543fb660dcc0c9315e4a8b') in 0.026794 seconds 
  Import took 0.029054 seconds .

========================================================================
Received Import Request.
  Time since last request: 0.000221 seconds.
  path: Assets/圖片/火2.png
  artifactKey: Guid(cb9c813caeb14ec4794520fadabf29a4) Importer(815301076,1909f56bfc062723c751e8b465ee728b)
Start importing Assets/圖片/火2.png using Guid(cb9c813caeb14ec4794520fadabf29a4) Importer(815301076,1909f56bfc062723c751e8b465ee728b)  -> (artifact id: '40d393a5ea284a60d0b12a982e96012a') in 0.019775 seconds 
  Import took 0.021658 seconds .

========================================================================
Received Import Request.
  Time since last request: 0.000257 seconds.
  path: Assets/圖片/敵方.png
  artifactKey: Guid(6c904af76ed98944694d7a83d5f64d80) Importer(815301076,1909f56bfc062723c751e8b465ee728b)
Start importing Assets/圖片/敵方.png using Guid(6c904af76ed98944694d7a83d5f64d80) Importer(815301076,1909f56bfc062723c751e8b465ee728b)  -> (artifact id: 'ea6c8b24b64398242485f0cd0388353d') in 0.014524 seconds 
  Import took 0.016482 seconds .

========================================================================
Received Import Request.
  Time since last request: 0.000147 seconds.
  path: Assets/圖片/框框.png
  artifactKey: Guid(20b66fa354c5e0747aa0b7bfd35f3cd7) Importer(815301076,1909f56bfc062723c751e8b465ee728b)
Start importing Assets/圖片/框框.png using Guid(20b66fa354c5e0747aa0b7bfd35f3cd7) Importer(815301076,1909f56bfc062723c751e8b465ee728b)  -> (artifact id: '8c5b5773bc73c22f920686914f3412b8') in 0.031172 seconds 
  Import took 0.033327 seconds .

========================================================================
Received Import Request.
  Time since last request: 0.000200 seconds.
  path: Assets/圖片/我方.png
  artifactKey: Guid(3af760b9ff1ae8b4b81cffc3aca699fb) Importer(815301076,1909f56bfc062723c751e8b465ee728b)
Start importing Assets/圖片/我方.png using Guid(3af760b9ff1ae8b4b81cffc3aca699fb) Importer(815301076,1909f56bfc062723c751e8b465ee728b)  -> (artifact id: 'faebfe74d0202803ba49a5ef6a57ad23') in 0.033189 seconds 
  Import took 0.035373 seconds .

========================================================================
Received Import Request.
  Time since last request: 0.000154 seconds.
  path: Assets/圖片/wait.png
  artifactKey: Guid(78d615b17aa941841b1038a35ce07093) Importer(815301076,1909f56bfc062723c751e8b465ee728b)
Start importing Assets/圖片/wait.png using Guid(78d615b17aa941841b1038a35ce07093) Importer(815301076,1909f56bfc062723c751e8b465ee728b)  -> (artifact id: 'f8735693b8a894d39396ce69c735ff4c') in 0.046870 seconds 
  Import took 0.048803 seconds .

========================================================================
Received Import Request.
  Time since last request: 0.000204 seconds.
  path: Assets/圖片/方形.png
  artifactKey: Guid(8215f1abcf4bd0342a881c3963ce4dc3) Importer(815301076,1909f56bfc062723c751e8b465ee728b)
Start importing Assets/圖片/方形.png using Guid(8215f1abcf4bd0342a881c3963ce4dc3) Importer(815301076,1909f56bfc062723c751e8b465ee728b)  -> (artifact id: 'd23aef0823aa204f2075c6084e0c66e6') in 0.013898 seconds 
  Import took 0.016020 seconds .

========================================================================
Received Import Request.
  Time since last request: 0.000187 seconds.
  path: Assets/圖片/未命名-1 1.png
  artifactKey: Guid(a04bafc3d779fdb45ade107af7ddf67e) Importer(815301076,1909f56bfc062723c751e8b465ee728b)
Start importing Assets/圖片/未命名-1 1.png using Guid(a04bafc3d779fdb45ade107af7ddf67e) Importer(815301076,1909f56bfc062723c751e8b465ee728b)  -> (artifact id: '3e7b2212f2b8a1c8d01fda22fd375317') in 0.028400 seconds 
  Import took 0.030521 seconds .

========================================================================
Received Import Request.
  Time since last request: 0.000236 seconds.
  path: Assets/圖片/火3.png
  artifactKey: Guid(13002738a2eaf4349a900531f10d663f) Importer(815301076,1909f56bfc062723c751e8b465ee728b)
Start importing Assets/圖片/火3.png using Guid(13002738a2eaf4349a900531f10d663f) Importer(815301076,1909f56bfc062723c751e8b465ee728b)  -> (artifact id: '24d6126c386f6155b1ab27575a61ad24') in 0.028100 seconds 
  Import took 0.030048 seconds .

========================================================================
Received Import Request.
  Time since last request: 0.000213 seconds.
  path: Assets/圖片/碎片.jpg
  artifactKey: Guid(702e4b2026a6a52499e9f3ec85a82f6e) Importer(815301076,1909f56bfc062723c751e8b465ee728b)
Start importing Assets/圖片/碎片.jpg using Guid(702e4b2026a6a52499e9f3ec85a82f6e) Importer(815301076,1909f56bfc062723c751e8b465ee728b)  -> (artifact id: '53d101be47c9f04635fe435d687bd821') in 0.013079 seconds 
  Import took 0.015370 seconds .

========================================================================
Received Import Request.
  Time since last request: 0.000186 seconds.
  path: Assets/圖片/未命名-1.png
  artifactKey: Guid(9191b8cebe9cfea41b4d01253cb3e1fb) Importer(815301076,1909f56bfc062723c751e8b465ee728b)
Start importing Assets/圖片/未命名-1.png using Guid(9191b8cebe9cfea41b4d01253cb3e1fb) Importer(815301076,1909f56bfc062723c751e8b465ee728b)  -> (artifact id: '425eb77b7af03226991f3250e19bc07f') in 0.011296 seconds 
  Import took 0.013390 seconds .

========================================================================
Received Import Request.
  Time since last request: 0.000192 seconds.
  path: Assets/圖片/火1.png
  artifactKey: Guid(b46f82ed8b9672e44a8ef1b013e55164) Importer(815301076,1909f56bfc062723c751e8b465ee728b)
Start importing Assets/圖片/火1.png using Guid(b46f82ed8b9672e44a8ef1b013e55164) Importer(815301076,1909f56bfc062723c751e8b465ee728b)  -> (artifact id: '149274c5630a5a11fd750303314ddb7b') in 0.012128 seconds 
  Import took 0.014295 seconds .

========================================================================
Received Import Request.
  Time since last request: 0.000215 seconds.
  path: Assets/圖片/卡牌遮色片.png
  artifactKey: Guid(15f93fb4e11e14a499e624ce4c7b2b8b) Importer(815301076,1909f56bfc062723c751e8b465ee728b)
Start importing Assets/圖片/卡牌遮色片.png using Guid(15f93fb4e11e14a499e624ce4c7b2b8b) Importer(815301076,1909f56bfc062723c751e8b465ee728b)  -> (artifact id: '8633519241937de01ddcf0c823eeca3d') in 0.010163 seconds 
  Import took 0.012240 seconds .

========================================================================
Received Import Request.
  Time since last request: 0.000233 seconds.
  path: Assets/圖片/選單圖.png
  artifactKey: Guid(7203e2d70a506b04cbe822a8678e1657) Importer(815301076,1909f56bfc062723c751e8b465ee728b)
Start importing Assets/圖片/選單圖.png using Guid(7203e2d70a506b04cbe822a8678e1657) Importer(815301076,1909f56bfc062723c751e8b465ee728b)  -> (artifact id: '78e18c996059a56b0a3682612f09e749') in 0.012797 seconds 
  Import took 0.014906 seconds .

========================================================================
Received Import Request.
  Time since last request: 0.000160 seconds.
  path: Assets/圖片/unnamed.png
  artifactKey: Guid(a0c91d18888d2f54db784e4d80e573e2) Importer(815301076,1909f56bfc062723c751e8b465ee728b)
Start importing Assets/圖片/unnamed.png using Guid(a0c91d18888d2f54db784e4d80e573e2) Importer(815301076,1909f56bfc062723c751e8b465ee728b)  -> (artifact id: 'c78ce54a44f90994a6f50e7e5a6c3b02') in 0.012208 seconds 
  Import took 0.014331 seconds .

========================================================================
Received Import Request.
  Time since last request: 0.000210 seconds.
  path: Assets/圖片/角色卡牌.png
  artifactKey: Guid(70135f8b0d2e3a24b922c1c2d8b211ed) Importer(815301076,1909f56bfc062723c751e8b465ee728b)
Start importing Assets/圖片/角色卡牌.png using Guid(70135f8b0d2e3a24b922c1c2d8b211ed) Importer(815301076,1909f56bfc062723c751e8b465ee728b)  -> (artifact id: '7b1a9e6b5d025d25ed532ba0d926359e') in 0.014269 seconds 
  Import took 0.016505 seconds .

========================================================================
Received Import Request.
  Time since last request: 0.000260 seconds.
  path: Assets/圖片/火4.png
  artifactKey: Guid(59874d590444f5644a10b11daa758b7a) Importer(815301076,1909f56bfc062723c751e8b465ee728b)
Start importing Assets/圖片/火4.png using Guid(59874d590444f5644a10b11daa758b7a) Importer(815301076,1909f56bfc062723c751e8b465ee728b)  -> (artifact id: 'b47760618592a091e5ab5014a88dd458') in 0.012780 seconds 
  Import took 0.014901 seconds .

========================================================================
Received Import Request.
  Time since last request: 0.000183 seconds.
  path: Assets/圖片/未命名.png
  artifactKey: Guid(01008be0f40be724dbc3125a3596ab6f) Importer(815301076,1909f56bfc062723c751e8b465ee728b)
Start importing Assets/圖片/未命名.png using Guid(01008be0f40be724dbc3125a3596ab6f) Importer(815301076,1909f56bfc062723c751e8b465ee728b)  -> (artifact id: '1b3a7e406e9f2dae23d4ce53a0d4224f') in 0.017982 seconds 
  Import took 0.019930 seconds .

========================================================================
Received Import Request.
  Time since last request: 0.000240 seconds.
  path: Assets/圖片/window.png
  artifactKey: Guid(a5148603411cb27449feaccd3a3e72ae) Importer(815301076,1909f56bfc062723c751e8b465ee728b)
Start importing Assets/圖片/window.png using Guid(a5148603411cb27449feaccd3a3e72ae) Importer(815301076,1909f56bfc062723c751e8b465ee728b)  -> (artifact id: 'a7fb44a4031a66bfc2b22e2b492aa1ba') in 0.011513 seconds 
  Import took 0.013549 seconds .

========================================================================
Received Import Request.
  Time since last request: 0.000156 seconds.
  path: Assets/圖片/危險.jpg
  artifactKey: Guid(e1947be729a78114db4e204291a35c90) Importer(815301076,1909f56bfc062723c751e8b465ee728b)
Start importing Assets/圖片/危險.jpg using Guid(e1947be729a78114db4e204291a35c90) Importer(815301076,1909f56bfc062723c751e8b465ee728b)  -> (artifact id: '661ba25573ae1c01b45791b76b4489a7') in 0.011519 seconds 
  Import took 0.013745 seconds .

========================================================================
Received Import Request.
  Time since last request: 0.801074 seconds.
  path: Assets/圖片/logo.png
  artifactKey: Guid(184f9749a105ba442b8cc363f279c6bb) Importer(815301076,1909f56bfc062723c751e8b465ee728b)
Start importing Assets/圖片/logo.png using Guid(184f9749a105ba442b8cc363f279c6bb) Importer(815301076,1909f56bfc062723c751e8b465ee728b)  -> (artifact id: 'd2476cdf0905c79ef5a417cf3015648a') in 0.012602 seconds 
  Import took 0.014849 seconds .

========================================================================
Received Import Request.
  Time since last request: 0.000242 seconds.
  path: Assets/圖片/picture.png
  artifactKey: Guid(3c17ba4d34658c548aa4d5d359def584) Importer(815301076,1909f56bfc062723c751e8b465ee728b)
Start importing Assets/圖片/picture.png using Guid(3c17ba4d34658c548aa4d5d359def584) Importer(815301076,1909f56bfc062723c751e8b465ee728b)  -> (artifact id: 'dc6acbee6ffd174c7b8b1eabfe9e2dee') in 0.030779 seconds 
  Import took 0.033544 seconds .

========================================================================
Received Import Request.
  Time since last request: 0.000247 seconds.
  path: Assets/圖片/npc.png
  artifactKey: Guid(c4bc2edac76e51b4998454bc6c15f0d2) Importer(815301076,1909f56bfc062723c751e8b465ee728b)
Start importing Assets/圖片/npc.png using Guid(c4bc2edac76e51b4998454bc6c15f0d2) Importer(815301076,1909f56bfc062723c751e8b465ee728b)  -> (artifact id: '1191b9f01d8181709aad7fd1cb0346d1') in 0.011967 seconds 
  Import took 0.014212 seconds .

========================================================================
Received Prepare
Registering precompiled user dll's ...
Registered in 0.003209 seconds.
Begin MonoManager ReloadAssembly
Native extension for WindowsStandalone target not found
Native extension for WebGL target not found
Refreshing native plugins compatible for Editor in 0.54 ms, found 2 plugins.
Preloading 0 native plugins for Editor in 0.00 ms.
Mono: successfully reloaded assembly
- Completed reload, in  0.810 seconds
Platform modules already initialized, skipping
Refreshing native plugins compatible for Editor in 0.45 ms, found 2 plugins.
Preloading 0 native plugins for Editor in 0.00 ms.
Unloading 1412 Unused Serialized files (Serialized files now loaded: 0)
System memory in use before: 70.3 MB.
System memory in use after: 70.4 MB.

Unloading 13 unused Assets to reduce memory usage. Loaded Objects now: 1887.
Total: 1.846600 ms (FindLiveObjects: 0.145800 ms CreateObjectMapping: 0.047600 ms MarkObjects: 1.634400 ms  DeleteObjects: 0.017000 ms)

AssetImportParameters requested are different than current active one (requested -> active):
  custom:framework-win-MediaFoundation: 216162199b28c13a410421893ffa2e32 -> 
  custom:video-decoder-ogg-theora: a1e56fd34408186e4bbccfd4996cb3dc -> 
  custom:container-muxer-webm: aa71ff27fc2769a1b78a27578f13a17b -> 
  custom:container-demuxer-webm: 4f35f7cbe854078d1ac9338744f61a02 -> 
  custom:container-demuxer-ogg: 62fdf1f143b41e24485cea50d1cbac27 -> 
  custom:video-encoder-webm-vp8: eb34c28f22e8b96e1ab97ce403110664 -> 
  custom:video-decoder-webm-vp8: 9c59270c3fd7afecdb556c50c9e8de78 -> 
  custom:audio-decoder-ogg-vorbis: bf7c407c2cedff20999df2af8eb42d56 -> 
  custom:audio-encoder-webm-vorbis: bf7c407c2cedff20999df2af8eb42d56 -> 
========================================================================
Received Prepare
Refreshing native plugins compatible for Editor in 2.47 ms, found 2 plugins.
Preloading 0 native plugins for Editor in 0.00 ms.
Unloading 11 Unused Serialized files (Serialized files now loaded: 0)
System memory in use before: 42.1 MB.
System memory in use after: 42.2 MB.

Unloading 11 unused Assets to reduce memory usage. Loaded Objects now: 1887.
Total: 1.522000 ms (FindLiveObjects: 0.123000 ms CreateObjectMapping: 0.041200 ms MarkObjects: 1.346700 ms  DeleteObjects: 0.010300 ms)

AssetImportParameters requested are different than current active one (requested -> active):
  custom:framework-win-MediaFoundation: 216162199b28c13a410421893ffa2e32 -> 
  custom:video-decoder-ogg-theora: a1e56fd34408186e4bbccfd4996cb3dc -> 
  custom:container-muxer-webm: aa71ff27fc2769a1b78a27578f13a17b -> 
  custom:container-demuxer-webm: 4f35f7cbe854078d1ac9338744f61a02 -> 
  custom:container-demuxer-ogg: 62fdf1f143b41e24485cea50d1cbac27 -> 
  custom:video-encoder-webm-vp8: eb34c28f22e8b96e1ab97ce403110664 -> 
  custom:video-decoder-webm-vp8: 9c59270c3fd7afecdb556c50c9e8de78 -> 
  custom:audio-decoder-ogg-vorbis: bf7c407c2cedff20999df2af8eb42d56 -> 
  custom:audio-encoder-webm-vorbis: bf7c407c2cedff20999df2af8eb42d56 -> 
========================================================================
Received Import Request.
  Time since last request: 147.571749 seconds.
  path: Assets/圖片/logo.png
  artifactKey: Guid(184f9749a105ba442b8cc363f279c6bb) Importer(815301076,1909f56bfc062723c751e8b465ee728b)
Start importing Assets/圖片/logo.png using Guid(184f9749a105ba442b8cc363f279c6bb) Importer(815301076,1909f56bfc062723c751e8b465ee728b)  -> (artifact id: '660188dd69adf7cb46038592d971b08a') in 0.041079 seconds 
  Import took 0.043301 seconds .

========================================================================
Received Import Request.
  Time since last request: 0.000221 seconds.
  path: Assets/圖片/UI board Small Set.png
  artifactKey: Guid(8eb69fafe4f719b49bb2dd1a7358aaaa) Importer(815301076,1909f56bfc062723c751e8b465ee728b)
Start importing Assets/圖片/UI board Small Set.png using Guid(8eb69fafe4f719b49bb2dd1a7358aaaa) Importer(815301076,1909f56bfc062723c751e8b465ee728b)  -> (artifact id: 'b87541ca663aa8a5574c24e36737c8f1') in 0.009331 seconds 
  Import took 0.011559 seconds .

========================================================================
Received Import Request.
  Time since last request: 0.000251 seconds.
  path: Assets/圖片/光束.png
  artifactKey: Guid(d2513d4f71ccdc547b3877c5c4c41a94) Importer(815301076,1909f56bfc062723c751e8b465ee728b)
Start importing Assets/圖片/光束.png using Guid(d2513d4f71ccdc547b3877c5c4c41a94) Importer(815301076,1909f56bfc062723c751e8b465ee728b)  -> (artifact id: 'e5bddafd797f3473586136e8a844e0e3') in 0.009140 seconds 
  Import took 0.011198 seconds .

========================================================================
Received Import Request.
  Time since last request: 0.000236 seconds.
  path: Assets/圖片/火2.png
  artifactKey: Guid(cb9c813caeb14ec4794520fadabf29a4) Importer(815301076,1909f56bfc062723c751e8b465ee728b)
Start importing Assets/圖片/火2.png using Guid(cb9c813caeb14ec4794520fadabf29a4) Importer(815301076,1909f56bfc062723c751e8b465ee728b)  -> (artifact id: '934a1a342010d3dcc12b4c5f21992fc5') in 0.011074 seconds 
  Import took 0.013234 seconds .

========================================================================
Received Import Request.
  Time since last request: 0.000249 seconds.
  path: Assets/圖片/敵方.png
  artifactKey: Guid(6c904af76ed98944694d7a83d5f64d80) Importer(815301076,1909f56bfc062723c751e8b465ee728b)
Start importing Assets/圖片/敵方.png using Guid(6c904af76ed98944694d7a83d5f64d80) Importer(815301076,1909f56bfc062723c751e8b465ee728b)  -> (artifact id: '43e4100f56c26916f30ac25924050e39') in 0.011012 seconds 
  Import took 0.012979 seconds .

========================================================================
Received Import Request.
  Time since last request: 0.000200 seconds.
  path: Assets/圖片/框框.png
  artifactKey: Guid(20b66fa354c5e0747aa0b7bfd35f3cd7) Importer(815301076,1909f56bfc062723c751e8b465ee728b)
Start importing Assets/圖片/框框.png using Guid(20b66fa354c5e0747aa0b7bfd35f3cd7) Importer(815301076,1909f56bfc062723c751e8b465ee728b)  -> (artifact id: 'e1a51c458e208f6b95cf97201a5fe813') in 0.010515 seconds 
  Import took 0.012651 seconds .

========================================================================
Received Import Request.
  Time since last request: 0.000310 seconds.
  path: Assets/圖片/我方.png
  artifactKey: Guid(3af760b9ff1ae8b4b81cffc3aca699fb) Importer(815301076,1909f56bfc062723c751e8b465ee728b)
Start importing Assets/圖片/我方.png using Guid(3af760b9ff1ae8b4b81cffc3aca699fb) Importer(815301076,1909f56bfc062723c751e8b465ee728b)  -> (artifact id: '0a4295a0ae641e407344077c06e78990') in 0.010277 seconds 
  Import took 0.012439 seconds .

========================================================================
Received Import Request.
  Time since last request: 0.000185 seconds.
  path: Assets/圖片/wait.png
  artifactKey: Guid(78d615b17aa941841b1038a35ce07093) Importer(815301076,1909f56bfc062723c751e8b465ee728b)
Start importing Assets/圖片/wait.png using Guid(78d615b17aa941841b1038a35ce07093) Importer(815301076,1909f56bfc062723c751e8b465ee728b)  -> (artifact id: '13e6a8f38574159e5b14e113e9521da7') in 0.010718 seconds 
  Import took 0.012685 seconds .

========================================================================
Received Import Request.
  Time since last request: 0.000242 seconds.
  path: Assets/圖片/方形.png
  artifactKey: Guid(8215f1abcf4bd0342a881c3963ce4dc3) Importer(815301076,1909f56bfc062723c751e8b465ee728b)
Start importing Assets/圖片/方形.png using Guid(8215f1abcf4bd0342a881c3963ce4dc3) Importer(815301076,1909f56bfc062723c751e8b465ee728b)  -> (artifact id: 'bd60300c7a35df1596dafbc1f53493eb') in 0.005003 seconds 
  Import took 0.006866 seconds .

========================================================================
Received Import Request.
  Time since last request: 0.000168 seconds.
  path: Assets/圖片/未命名-1 1.png
  artifactKey: Guid(a04bafc3d779fdb45ade107af7ddf67e) Importer(815301076,1909f56bfc062723c751e8b465ee728b)
Start importing Assets/圖片/未命名-1 1.png using Guid(a04bafc3d779fdb45ade107af7ddf67e) Importer(815301076,1909f56bfc062723c751e8b465ee728b)  -> (artifact id: 'a796514324838a76d0d702d83824bcc7') in 0.009509 seconds 
  Import took 0.011709 seconds .

========================================================================
Received Import Request.
  Time since last request: 0.000140 seconds.
  path: Assets/圖片/火3.png
  artifactKey: Guid(13002738a2eaf4349a900531f10d663f) Importer(815301076,1909f56bfc062723c751e8b465ee728b)
Start importing Assets/圖片/火3.png using Guid(13002738a2eaf4349a900531f10d663f) Importer(815301076,1909f56bfc062723c751e8b465ee728b)  -> (artifact id: 'aa83b97b978a385da6f07a229b62c2c9') in 0.009479 seconds 
  Import took 0.011534 seconds .

========================================================================
Received Import Request.
  Time since last request: 0.000213 seconds.
  path: Assets/圖片/picture.png
  artifactKey: Guid(3c17ba4d34658c548aa4d5d359def584) Importer(815301076,1909f56bfc062723c751e8b465ee728b)
Start importing Assets/圖片/picture.png using Guid(3c17ba4d34658c548aa4d5d359def584) Importer(815301076,1909f56bfc062723c751e8b465ee728b)  -> (artifact id: '5527e4f8f008744312c4963a42cbea0a') in 0.015131 seconds 
  Import took 0.017988 seconds .

========================================================================
Received Import Request.
  Time since last request: 0.000234 seconds.
  path: Assets/圖片/未命名-1.png
  artifactKey: Guid(9191b8cebe9cfea41b4d01253cb3e1fb) Importer(815301076,1909f56bfc062723c751e8b465ee728b)
Start importing Assets/圖片/未命名-1.png using Guid(9191b8cebe9cfea41b4d01253cb3e1fb) Importer(815301076,1909f56bfc062723c751e8b465ee728b)  -> (artifact id: '82bad7102e6416cc70ab7c9c287db3f0') in 0.009808 seconds 
  Import took 0.012140 seconds .

========================================================================
Received Import Request.
  Time since last request: 0.000236 seconds.
  path: Assets/圖片/火1.png
  artifactKey: Guid(b46f82ed8b9672e44a8ef1b013e55164) Importer(815301076,1909f56bfc062723c751e8b465ee728b)
Start importing Assets/圖片/火1.png using Guid(b46f82ed8b9672e44a8ef1b013e55164) Importer(815301076,1909f56bfc062723c751e8b465ee728b)  -> (artifact id: '4e373ad867db2faea5e8cc1e0fd7526f') in 0.009255 seconds 
  Import took 0.011339 seconds .

========================================================================
Received Import Request.
  Time since last request: 0.000194 seconds.
  path: Assets/圖片/卡牌遮色片.png
  artifactKey: Guid(15f93fb4e11e14a499e624ce4c7b2b8b) Importer(815301076,1909f56bfc062723c751e8b465ee728b)
Start importing Assets/圖片/卡牌遮色片.png using Guid(15f93fb4e11e14a499e624ce4c7b2b8b) Importer(815301076,1909f56bfc062723c751e8b465ee728b)  -> (artifact id: '98ed32fa24e1ec9c35578849ac0e3b64') in 0.008877 seconds 
  Import took 0.010832 seconds .

========================================================================
Received Import Request.
  Time since last request: 0.000205 seconds.
  path: Assets/圖片/unnamed.png
  artifactKey: Guid(a0c91d18888d2f54db784e4d80e573e2) Importer(815301076,1909f56bfc062723c751e8b465ee728b)
Start importing Assets/圖片/unnamed.png using Guid(a0c91d18888d2f54db784e4d80e573e2) Importer(815301076,1909f56bfc062723c751e8b465ee728b)  -> (artifact id: '0c305aa2f111dfaa011273b5b2182a96') in 0.009291 seconds 
  Import took 0.011235 seconds .

========================================================================
Received Import Request.
  Time since last request: 0.000169 seconds.
  path: Assets/圖片/npc.png
  artifactKey: Guid(c4bc2edac76e51b4998454bc6c15f0d2) Importer(815301076,1909f56bfc062723c751e8b465ee728b)
Start importing Assets/圖片/npc.png using Guid(c4bc2edac76e51b4998454bc6c15f0d2) Importer(815301076,1909f56bfc062723c751e8b465ee728b)  -> (artifact id: '8dde108b22b595906e928516e9a3fda8') in 0.008909 seconds 
  Import took 0.010962 seconds .

========================================================================
Received Import Request.
  Time since last request: 0.000232 seconds.
  path: Assets/圖片/火4.png
  artifactKey: Guid(59874d590444f5644a10b11daa758b7a) Importer(815301076,1909f56bfc062723c751e8b465ee728b)
Start importing Assets/圖片/火4.png using Guid(59874d590444f5644a10b11daa758b7a) Importer(815301076,1909f56bfc062723c751e8b465ee728b)  -> (artifact id: '1c77ceecbbd4f026064e759fba52c502') in 0.008780 seconds 
  Import took 0.010797 seconds .

========================================================================
Received Import Request.
  Time since last request: 0.000189 seconds.
  path: Assets/圖片/未命名.png
  artifactKey: Guid(01008be0f40be724dbc3125a3596ab6f) Importer(815301076,1909f56bfc062723c751e8b465ee728b)
Start importing Assets/圖片/未命名.png using Guid(01008be0f40be724dbc3125a3596ab6f) Importer(815301076,1909f56bfc062723c751e8b465ee728b)  -> (artifact id: '6f65551b51b69e460ea35f7609608700') in 0.011664 seconds 
  Import took 0.014108 seconds .

========================================================================
Received Import Request.
  Time since last request: 0.000177 seconds.
  path: Assets/圖片/window.png
  artifactKey: Guid(a5148603411cb27449feaccd3a3e72ae) Importer(815301076,1909f56bfc062723c751e8b465ee728b)
Start importing Assets/圖片/window.png using Guid(a5148603411cb27449feaccd3a3e72ae) Importer(815301076,1909f56bfc062723c751e8b465ee728b)  -> (artifact id: '3f5460bc195e9604c96702a0d625f78c') in 0.009935 seconds 
  Import took 0.012194 seconds .

========================================================================
Received Import Request.
  Time since last request: 0.000192 seconds.
  path: Assets/圖片/TextBTN_Medium.png
  artifactKey: Guid(5fc8faae6f14b374f96ae11ab0232ffa) Importer(815301076,1909f56bfc062723c751e8b465ee728b)
Start importing Assets/圖片/TextBTN_Medium.png using Guid(5fc8faae6f14b374f96ae11ab0232ffa) Importer(815301076,1909f56bfc062723c751e8b465ee728b)  -> (artifact id: 'bdd163be05dc5d3773c21c822f6a2065') in 0.005198 seconds 
  Import took 0.007234 seconds .

========================================================================
Received Import Request.
  Time since last request: 0.000287 seconds.
  path: Assets/圖片/危險.jpg
  artifactKey: Guid(e1947be729a78114db4e204291a35c90) Importer(815301076,1909f56bfc062723c751e8b465ee728b)
Start importing Assets/圖片/危險.jpg using Guid(e1947be729a78114db4e204291a35c90) Importer(815301076,1909f56bfc062723c751e8b465ee728b)  -> (artifact id: '411aee1ea038f3bb104a27ad5a5900c0') in 0.007729 seconds 
  Import took 0.009806 seconds .

========================================================================
Received Prepare
Refreshing native plugins compatible for Editor in 2.56 ms, found 2 plugins.
Preloading 0 native plugins for Editor in 0.00 ms.
Unloading 11 Unused Serialized files (Serialized files now loaded: 0)
System memory in use before: 42.2 MB.
System memory in use after: 42.4 MB.

Unloading 11 unused Assets to reduce memory usage. Loaded Objects now: 1888.
Total: 1.957700 ms (FindLiveObjects: 0.122900 ms CreateObjectMapping: 0.042200 ms MarkObjects: 1.780500 ms  DeleteObjects: 0.011400 ms)

AssetImportParameters requested are different than current active one (requested -> active):
  custom:framework-win-MediaFoundation: 216162199b28c13a410421893ffa2e32 -> 
  custom:video-decoder-ogg-theora: a1e56fd34408186e4bbccfd4996cb3dc -> 
  custom:container-muxer-webm: aa71ff27fc2769a1b78a27578f13a17b -> 
  custom:container-demuxer-webm: 4f35f7cbe854078d1ac9338744f61a02 -> 
  custom:container-demuxer-ogg: 62fdf1f143b41e24485cea50d1cbac27 -> 
  custom:video-encoder-webm-vp8: eb34c28f22e8b96e1ab97ce403110664 -> 
  custom:video-decoder-webm-vp8: 9c59270c3fd7afecdb556c50c9e8de78 -> 
  custom:audio-decoder-ogg-vorbis: bf7c407c2cedff20999df2af8eb42d56 -> 
  custom:audio-encoder-webm-vorbis: bf7c407c2cedff20999df2af8eb42d56 -> 
AssetImportWorkerClient::OnTransportError - code=2 error=End of file
